<?xml version="1.0" encoding="UTF-8"?>
<!-- Generated by org.testng.reporters.JUnitReportReporter -->
<testsuite hostname="KarthikaRaj" failures="0" tests="15" name="testlayer.SignIn" time="15.411" errors="0" timestamp="2022-11-30T23:23:17 EST" skipped="0">
  <testcase classname="testlayer.SignIn" name="TC18_SignIn_Invalid_email_or_mobile_number" time="0.792"/>
  <system-out/>
  <testcase classname="testlayer.SignIn" name="TC28_Verify_Details" time="0.755"/>
  <system-out/>
  <testcase classname="testlayer.SignIn" name="TC23_Verify_Other_issues_with_SignIn_hyperlink" time="1.015"/>
  <system-out/>
  <testcase classname="testlayer.SignIn" name="TC22_Need_Help" time="0.445"/>
  <system-out/>
  <testcase classname="testlayer.SignIn" name="TC30_SignIn_Valid_Password" time="3.263"/>
  <system-out/>
  <testcase classname="testlayer.SignIn" name="TC26_Change_Hyperlink" time="0.856"/>
  <system-out/>
  <testcase classname="testlayer.SignIn" name="TC21_Forgot_Password" time="1.251"/>
  <system-out/>
  <testcase classname="testlayer.SignIn" name="TC24_SignIn_Empty_Password" time="0.757"/>
  <system-out/>
  <testcase classname="testlayer.SignIn" name="TC25_SignIn_Invalid_Password" time="1.250"/>
  <system-out/>
  <testcase classname="testlayer.SignIn" name="TC16_SignIn_Valid_email_or_mobile_number" time="0.962"/>
  <system-out/>
  <testcase classname="testlayer.SignIn" name="TC29_Keep_me_signed_in_Check_box" time="0.453"/>
  <system-out/>
  <testcase classname="testlayer.SignIn" name="TC20_Verify_Privacy_Notice_hyperlink" time="1.201"/>
  <system-out/>
  <testcase classname="testlayer.SignIn" name="TC19_Conditions_of_use_hyperlink" time="0.881"/>
  <system-out/>
  <testcase classname="testlayer.SignIn" name="TC27_Forgot_Password_Hyperlink" time="1.135"/>
  <system-out/>
  <testcase classname="testlayer.SignIn" name="TC17_SignIn_Empty_email_or_mobile_number" time="0.395"/>
  <system-out/>
</testsuite> <!-- testlayer.SignIn -->
