<?xml version="1.0" encoding="UTF-8"?>
<!-- Generated by org.testng.reporters.JUnitReportReporter -->
<testsuite hostname="KarthikaRaj" failures="0" tests="22" name="testlayer.Your_Account_Test" time="35.049" errors="0" timestamp="2022-11-30T23:25:18 EST" skipped="0">
  <testcase classname="testlayer.Your_Account_Test" name="TC119_Not_Yet_Shipped" time="2.095"/>
  <system-out/>
  <testcase classname="testlayer.Your_Account_Test" name="TC42_More_ways_to_pay" time="1.460"/>
  <system-out/>
  <testcase classname="testlayer.Your_Account_Test" name="TC38_Gift_Cards" time="1.208"/>
  <system-out/>
  <testcase classname="testlayer.Your_Account_Test" name="TC45_Shopping_programs_and_rentals" time="1.049"/>
  <system-out/>
  <testcase classname="testlayer.Your_Account_Test" name="TC37_Your_Payments" time="1.458"/>
  <system-out/>
  <testcase classname="testlayer.Your_Account_Test" name="TC47_Data_and_Privacy" time="1.304"/>
  <system-out/>
  <testcase classname="testlayer.Your_Account_Test" name="TC41_Email_alerts_messages_and_ads" time="1.167"/>
  <system-out/>
  <testcase classname="testlayer.Your_Account_Test" name="TC43_Ordering_and_shopping_preferences" time="1.717"/>
  <system-out/>
  <testcase classname="testlayer.Your_Account_Test" name="TC36_Your_Addresses" time="1.258"/>
  <system-out/>
  <testcase classname="testlayer.Your_Account_Test" name="TC31_View_and_access_account_information" time="0.719"/>
  <system-out/>
  <testcase classname="testlayer.Your_Account_Test" name="TC33_Your_Orders" time="1.209"/>
  <system-out/>
  <testcase classname="testlayer.Your_Account_Test" name="TC46_Subscriptions" time="1.141"/>
  <system-out/>
  <testcase classname="testlayer.Your_Account_Test" name="TC40_Digital_content_and_devices" time="1.362"/>
  <system-out/>
  <testcase classname="testlayer.Your_Account_Test" name="TC34_Login_and_security" time="1.508"/>
  <system-out/>
  <testcase classname="testlayer.Your_Account_Test" name="TC50_Buy_again" time="2.113"/>
  <system-out/>
  <testcase classname="testlayer.Your_Account_Test" name="TC32_Your_Account" time="0.888"/>
  <system-out/>
  <testcase classname="testlayer.Your_Account_Test" name="TC39_Customer_service" time="1.217"/>
  <system-out/>
  <testcase classname="testlayer.Your_Account_Test" name="TC49_Orders_placed_in_past" time="1.228"/>
  <system-out/>
  <testcase classname="testlayer.Your_Account_Test" name="TC35_Prime" time="2.144"/>
  <system-out/>
  <testcase classname="testlayer.Your_Account_Test" name="TC48_Orders" time="1.720"/>
  <system-out/>
  <testcase classname="testlayer.Your_Account_Test" name="TC51_Cancelled_Orders" time="1.922"/>
  <system-out/>
  <testcase classname="testlayer.Your_Account_Test" name="TC44_Other_accounts" time="5.162"/>
  <system-out/>
</testsuite> <!-- testlayer.Your_Account_Test -->
