<?xml version="1.0" encoding="UTF-8"?>
<!-- Generated by org.testng.reporters.JUnitReportReporter -->
<testsuite hostname="KarthikaRaj" failures="0" tests="12" name="testlayer.CreateaccountTest" time="10.835" errors="0" timestamp="2022-11-30T23:17:59 EST" skipped="0">
  <testcase classname="testlayer.CreateaccountTest" name="TC03_Invalid_Mobile_number_or_email" time="0.578"/>
  <system-out/>
  <testcase classname="testlayer.CreateaccountTest" name="TC08_Invalid_Password_again_field" time="0.678"/>
  <system-out/>
  <testcase classname="testlayer.CreateaccountTest" name="TC01_createaccount" time="1.207"/>
  <system-out/>
  <testcase classname="testlayer.CreateaccountTest" name="TC14_Sign_in_hyperlink" time="0.994"/>
  <system-out/>
  <testcase classname="testlayer.CreateaccountTest" name="TC09_Empty_Password_again_field" time="0.564"/>
  <system-out/>
  <testcase classname="testlayer.CreateaccountTest" name="TC07_Invalid_Password" time="0.640"/>
  <system-out/>
  <testcase classname="testlayer.CreateaccountTest" name="TC04_Invalid_partial_Mobile_number" time="0.466"/>
  <system-out/>
  <testcase classname="testlayer.CreateaccountTest" name="TC02_Invalid_Your_name" time="0.552"/>
  <system-out/>
  <testcase classname="testlayer.CreateaccountTest" name="TC15_Create_free_business_account_hyperlink" time="2.300"/>
  <system-out/>
  <testcase classname="testlayer.CreateaccountTest" name="TC12_Conditions_of_use_hyperlink" time="0.932"/>
  <system-out/>
  <testcase classname="testlayer.CreateaccountTest" name="TC13_Verify_Privacy_Notice_hyperlink" time="1.284"/>
  <system-out/>
  <testcase classname="testlayer.CreateaccountTest" name="TC05_invalid_email" time="0.640"/>
  <system-out/>
</testsuite> <!-- testlayer.CreateaccountTest -->
