<?xml version="1.0" encoding="UTF-8"?>
<!-- Generated by org.testng.reporters.JUnitReportReporter -->
<testsuite hostname="KarthikaRaj" failures="0" tests="11" name="testlayer.Add_Address_Module_Test" time="32.458" errors="0" timestamp="2022-11-30T23:15:26 EST" skipped="0">
  <testcase classname="testlayer.Add_Address_Module_Test" name="TC56_Add_address_Invalid_Address" time="2.652"/>
  <system-out/>
  <testcase classname="testlayer.Add_Address_Module_Test" name="TC53_Add_address_CountryorRegion" time="1.656"/>
  <system-out/>
  <testcase classname="testlayer.Add_Address_Module_Test" name="TC118_Add_address_button" time="3.695"/>
  <system-out/>
  <testcase classname="testlayer.Add_Address_Module_Test" name="TC59_Add_address_Invalid_ProvinceorTerritory" time="2.721"/>
  <system-out/>
  <testcase classname="testlayer.Add_Address_Module_Test" name="TC54_Add_address_Invalid_Full_name" time="3.010"/>
  <system-out/>
  <testcase classname="testlayer.Add_Address_Module_Test" name="TC52_Add_address" time="1.727"/>
  <system-out/>
  <testcase classname="testlayer.Add_Address_Module_Test" name="TC55_Add_address_Invalid_Phone_number" time="2.862"/>
  <system-out/>
  <testcase classname="testlayer.Add_Address_Module_Test" name="TC60_Add_address_Invalid_Postal_code" time="2.757"/>
  <system-out/>
  <testcase classname="testlayer.Add_Address_Module_Test" name="TC58_Add_address_Invalid_City" time="5.695"/>
  <system-out/>
  <testcase classname="testlayer.Add_Address_Module_Test" name="TC57_Add_address_Invalid_Address" time="3.148"/>
  <system-out/>
  <testcase classname="testlayer.Add_Address_Module_Test" name="TC61_Add_address_default_address" time="2.535"/>
  <system-out/>
</testsuite> <!-- testlayer.Add_Address_Module_Test -->
